Loading the ModusToolbox Technology Packs and Early Access Packs
Finished loading the ModusToolbox Technology Packs and Early Access Packs (0 ms)
Loading the tools information
Finished loading the tools information (2 ms)
directory '/usr/local/share/Infineon_Technologies_AG/Infineon-Toolbox' does not exist
Using the executable path for the tools directory.
Loading the application in directory '/home/ohm/titan/study/AIC_project/Dual-CPU_Sema_Pressure_Sensor'
creating application information from 'get_app_info' data
finished creating application information from 'get_app_info' data (11 ms)
Finished loading the application data (107 ms total, 92 make)
Loading asset repository references
Finished loading the asset repository references (59 ms)
Loading the manifest data
Loading super manfiest files from all sources
Processing manifest loc file '/home/ohm/.modustoolbox/manifest.loc'
Found user super-manifest(s):
  'https://raw.githubusercontent.com/Advance-Innovation-Centre-AIC/mtb2-bdh-academy-manifests/master/bdh-academy-super-manifest.xml'
Downloading super manifest file 'https://raw.githubusercontent.com/Advance-Innovation-Centre-AIC/mtb2-bdh-academy-manifests/master/bdh-academy-super-manifest.xml'
Getting manifests from remote and/or local sources
Processing system manifest 'https://modustoolbox.infineon.com/manifests/mtb-super-manifest/v2.X/mtb-super-manifest-fv2.xml'
Downloading super manifest file 'https://modustoolbox.infineon.com/manifests/mtb-super-manifest/v2.X/mtb-super-manifest-fv2.xml'
Finished loading super manifest files from all sources
Finished download of file 'https://raw.githubusercontent.com/Advance-Innovation-Centre-AIC/mtb2-bdh-academy-manifests/master/bdh-academy-super-manifest.xml'
Starting to parse super manifest with URL 'https://raw.githubusercontent.com/Advance-Innovation-Centre-AIC/mtb2-bdh-academy-manifests/master/bdh-academy-super-manifest.xml'
Finished parsing super manifest with URL 'https://raw.githubusercontent.com/Advance-Innovation-Centre-AIC/mtb2-bdh-academy-manifests/master/bdh-academy-super-manifest.xml'
Downloading manifest file 'https://raw.githubusercontent.com/Advance-Innovation-Centre-AIC/mtb2-bdh-academy-manifests/master/bdh-academy-app-manifest.xml'
Finished download of file 'https://modustoolbox.infineon.com/manifests/mtb-super-manifest/v2.X/mtb-super-manifest-fv2.xml'
Starting to parse super manifest with URL 'https://modustoolbox.infineon.com/manifests/mtb-super-manifest/v2.X/mtb-super-manifest-fv2.xml'
Finished parsing super manifest with URL 'https://modustoolbox.infineon.com/manifests/mtb-super-manifest/v2.X/mtb-super-manifest-fv2.xml'
Downloading manifest file 'https://github.com/Infineon/mtb-ce-manifest/raw/v2.X/mtb-ce-manifest.xml'
Downloading manifest file 'https://github.com/Infineon/mtb-ce-manifest/raw/v2.X/mtb-ce-manifest-fv2.xml'
Downloading manifest file 'https://github.com/Infineon/mtb-bt-app-manifest/raw/v2.X/mtb-bt-app-manifest.xml'
Downloading manifest file 'https://github.com/Infineon/mtb-bt-app-manifest/raw/v2.X/mtb-bt-app-manifest-fv2.xml'
Downloading manifest file 'https://github.com/Infineon/cce-app-manifest/raw/v2.X/cce-app-manifest-fv2.xml'
Downloading manifest file 'https://github.com/Altia-Marketing/altia-ce-manifest/raw/main/altia-ce-manifest-fv2.xml'
Downloading manifest file 'https://github.com/CyberonEBU/cyberon-mtb-ce-manifest/raw/main/cyberon-mtb-ce-manifest-fv2.xml'
Downloading manifest file 'https://github.com/edgeimpulse/edgeimpulse-ce-manifest/raw/main/edgeimpulse-ce-manifest-fv2.xml'
Downloading manifest file 'https://github.com/golioth/mtb-golioth-ce-manifest/raw/main/mtb-golioth-ce-manifest-fv2.xml'
Downloading manifest file 'https://github.com/memfault/mtb-memfault-ce-manifest/raw/main/mtb-memfault-ce-manifest-fv2.xml'
Downloading manifest file 'https://github.com/Infineon/mtb-bsp-manifest/raw/v2.X/mtb-bsp-manifest.xml'
Downloading manifest file 'https://github.com/Infineon/mtb-bsp-manifest/raw/v2.X/mtb-bsp-manifest-fv2.xml'
Downloading manifest file 'https://github.com/Infineon/mtb-bsp-manifest/raw/v2.X/mtb-bsp-dependencies-manifest.xml'
Downloading manifest file 'https://github.com/Infineon/mtb-bt-bsp-manifest/raw/v2.X/mtb-bt-bsp-manifest.xml'
Downloading manifest file 'https://github.com/Infineon/mtb-bt-bsp-manifest/raw/v2.X/mtb-bt-bsp-manifest-fv2.xml'
Downloading manifest file 'https://github.com/Infineon/mtb-bt-bsp-manifest/raw/v2.X/mtb-bt-bsp-dependencies-manifest.xml'
Downloading manifest file 'https://github.com/Infineon/mtb-mw-manifest/raw/v2.X/mtb-mw-manifest.xml'
Downloading manifest file 'https://github.com/Infineon/mtb-mw-manifest/raw/v2.X/mtb-mw-manifest-fv2.xml'
Downloading manifest file 'https://github.com/Infineon/mtb-mw-manifest/raw/v2.X/mtb-mw-dependencies-manifest.xml'
Downloading manifest file 'https://github.com/Infineon/mtb-bt-mw-manifest/raw/v2.X/mtb-bt-mw-manifest.xml'
Downloading manifest file 'https://github.com/Infineon/mtb-bt-mw-manifest/raw/v2.X/mtb-bt-mw-manifest-fv2.xml'
Downloading manifest file 'https://github.com/Infineon/mtb-bt-mw-manifest/raw/v2.X/mtb-bt-mw-dependencies-manifest.xml'
Downloading manifest file 'https://github.com/Infineon/mtb-wifi-mw-manifest/raw/v2.X/mtb-wifi-mw-manifest.xml'
Downloading manifest file 'https://github.com/Infineon/mtb-wifi-mw-manifest/raw/v2.X/mtb-wifi-mw-manifest-fv2.xml'
Downloading manifest file 'https://github.com/Infineon/mtb-wifi-mw-manifest/raw/v2.X/mtb-wifi-mw-dependencies-manifest.xml'
Downloading manifest file 'https://github.com/CyberonEBU/cyberon-mtb-mw-manifest/raw/main/cyberon-mtb-mw-manifest-fv2.xml'
Downloading manifest file 'https://github.com/golioth/mtb-golioth-mw-manifest/raw/main/mtb-golioth-mw-manifest-fv2.xml'
Downloading manifest file 'https://github.com/memfault/mtb-memfault-mw-manifest/raw/main/mtb-memfault-mw-manifest-fv2.xml'
Finished download of file 'https://raw.githubusercontent.com/Advance-Innovation-Centre-AIC/mtb2-bdh-academy-manifests/master/bdh-academy-app-manifest.xml'
Finished download of file 'https://github.com/Infineon/mtb-ce-manifest/raw/v2.X/mtb-ce-manifest.xml'
Finished download of file 'https://github.com/Infineon/mtb-ce-manifest/raw/v2.X/mtb-ce-manifest-fv2.xml'
Finished download of file 'https://github.com/Infineon/mtb-bt-app-manifest/raw/v2.X/mtb-bt-app-manifest.xml'
Finished download of file 'https://github.com/Infineon/mtb-bt-app-manifest/raw/v2.X/mtb-bt-app-manifest-fv2.xml'
Finished download of file 'https://github.com/Infineon/cce-app-manifest/raw/v2.X/cce-app-manifest-fv2.xml'
Finished download of file 'https://github.com/Altia-Marketing/altia-ce-manifest/raw/main/altia-ce-manifest-fv2.xml'
Finished download of file 'https://github.com/CyberonEBU/cyberon-mtb-ce-manifest/raw/main/cyberon-mtb-ce-manifest-fv2.xml'
Finished download of file 'https://github.com/edgeimpulse/edgeimpulse-ce-manifest/raw/main/edgeimpulse-ce-manifest-fv2.xml'
Finished download of file 'https://github.com/golioth/mtb-golioth-ce-manifest/raw/main/mtb-golioth-ce-manifest-fv2.xml'
Finished download of file 'https://github.com/memfault/mtb-memfault-ce-manifest/raw/main/mtb-memfault-ce-manifest-fv2.xml'
Finished download of file 'https://github.com/Infineon/mtb-bsp-manifest/raw/v2.X/mtb-bsp-manifest.xml'
Finished download of file 'https://github.com/Infineon/mtb-bsp-manifest/raw/v2.X/mtb-bsp-manifest-fv2.xml'
Finished download of file 'https://github.com/Infineon/mtb-bsp-manifest/raw/v2.X/mtb-bsp-dependencies-manifest.xml'
Finished download of file 'https://github.com/Infineon/mtb-bt-bsp-manifest/raw/v2.X/mtb-bt-bsp-manifest.xml'
Finished download of file 'https://github.com/Infineon/mtb-bt-bsp-manifest/raw/v2.X/mtb-bt-bsp-manifest-fv2.xml'
Finished download of file 'https://github.com/Infineon/mtb-bt-bsp-manifest/raw/v2.X/mtb-bt-bsp-dependencies-manifest.xml'
Finished download of file 'https://github.com/Infineon/mtb-mw-manifest/raw/v2.X/mtb-mw-manifest.xml'
Finished download of file 'https://github.com/Infineon/mtb-mw-manifest/raw/v2.X/mtb-mw-manifest-fv2.xml'
Finished download of file 'https://github.com/Infineon/mtb-mw-manifest/raw/v2.X/mtb-mw-dependencies-manifest.xml'
Finished download of file 'https://github.com/Infineon/mtb-bt-mw-manifest/raw/v2.X/mtb-bt-mw-manifest.xml'
Finished download of file 'https://github.com/Infineon/mtb-bt-mw-manifest/raw/v2.X/mtb-bt-mw-manifest-fv2.xml'
Finished download of file 'https://github.com/Infineon/mtb-bt-mw-manifest/raw/v2.X/mtb-bt-mw-dependencies-manifest.xml'
Finished download of file 'https://github.com/Infineon/mtb-wifi-mw-manifest/raw/v2.X/mtb-wifi-mw-manifest.xml'
Finished download of file 'https://github.com/Infineon/mtb-wifi-mw-manifest/raw/v2.X/mtb-wifi-mw-manifest-fv2.xml'
Finished download of file 'https://github.com/Infineon/mtb-wifi-mw-manifest/raw/v2.X/mtb-wifi-mw-dependencies-manifest.xml'
Finished download of file 'https://github.com/CyberonEBU/cyberon-mtb-mw-manifest/raw/main/cyberon-mtb-mw-manifest-fv2.xml'
Finished download of file 'https://github.com/golioth/mtb-golioth-mw-manifest/raw/main/mtb-golioth-mw-manifest-fv2.xml'
Finished download of file 'https://github.com/memfault/mtb-memfault-mw-manifest/raw/main/mtb-memfault-mw-manifest-fv2.xml'
Finished loading the manifest data (3897 ms)
Loading the device db
Finished loading the device db (501 ms)
Starting to refresh dependencies for project 'proj_cm0p'.
Requested to remove the asset 'cat1cm0p'.
Requested to remove the asset 'cmsis'.
Requested to remove the asset 'core-lib'.
Requested to remove the asset 'core-make'.
Requested to remove the asset 'mtb-hal-cat1'.
Requested to remove the asset 'mtb-pdl-cat1'.
Requested to remove the asset 'recipe-make-cat1a'.
Requested to add the asset 'mtb-hal-cat1'.
Requested to add the asset 'core-lib'.
Requested to add the asset 'mtb-pdl-cat1'.
Requested to add the asset 'cat1cm0p'.
Requested to add the asset 'core-make'.
Requested to add the asset 'recipe-make-cat1a'.
Requested to add the asset 'cmsis'.
Found direct dependencies 'sensor-xensiv-dps3xx'.
Found new indirect dependencies 'mtb-hal-cat1, core-lib, mtb-pdl-cat1, cat1cm0p, core-make, recipe-make-cat1a, cmsis'.
Refreshed all dependencies for project 'proj_cm0p'.
Starting to refresh dependencies for project 'proj_cm4'.
Requested to remove the asset 'cat1cm0p'.
Requested to remove the asset 'cmsis'.
Requested to remove the asset 'core-lib'.
Requested to remove the asset 'core-make'.
Requested to remove the asset 'mtb-hal-cat1'.
Requested to remove the asset 'mtb-pdl-cat1'.
Requested to remove the asset 'recipe-make-cat1a'.
Requested to add the asset 'mtb-hal-cat1'.
Requested to add the asset 'core-lib'.
Requested to add the asset 'mtb-pdl-cat1'.
Requested to add the asset 'cat1cm0p'.
Requested to add the asset 'core-make'.
Requested to add the asset 'recipe-make-cat1a'.
Requested to add the asset 'cmsis'.
Found direct dependencies 'retarget-io, sensor-xensiv-dps3xx'.
Found new indirect dependencies 'mtb-hal-cat1, core-lib, mtb-pdl-cat1, cat1cm0p, core-make, recipe-make-cat1a, cmsis'.
Refreshed all dependencies for project 'proj_cm4'.
0 error(s), 0 warning(s)
Successfully acquired the information.

Loading the ModusToolbox Technology Packs and Early Access Packs
Finished loading the ModusToolbox Technology Packs and Early Access Packs (0 ms)
Loading the tools information
Finished loading the tools information (2 ms)
directory '/usr/local/share/Infineon_Technologies_AG/Infineon-Toolbox' does not exist

Using the executable path for the tools directory.

Loading the application in directory '/home/ohm/titan/study/AIC_project/Dual-CPU_Sema_Pressure_Sensor'
creating application information from 'get_app_info' data
finished creating application information from 'get_app_info' data (11 ms)
Finished loading the application data (107 ms total, 92 make)
Loading asset repository references
Finished loading the asset repository references (59 ms)
Loading the manifest data
Loading super manfiest files from all sources
Processing manifest loc file '/home/ohm/.modustoolbox/manifest.loc'
Found user super-manifest(s):
  'https://raw.githubusercontent.com/Advance-Innovation-Centre-AIC/mtb2-bdh-academy-manifests/master/bdh-academy-super-manifest.xml'
Downloading super manifest file 'https://raw.githubusercontent.com/Advance-Innovation-Centre-AIC/mtb2-bdh-academy-manifests/master/bdh-academy-super-manifest.xml'
Getting manifests from remote and/or local sources
Processing system manifest 'https://modustoolbox.infineon.com/manifests/mtb-super-manifest/v2.X/mtb-super-manifest-fv2.xml'
Downloading super manifest file 'https://modustoolbox.infineon.com/manifests/mtb-super-manifest/v2.X/mtb-super-manifest-fv2.xml'
Finished loading super manifest files from all sources
Finished download of file 'https://raw.githubusercontent.com/Advance-Innovation-Centre-AIC/mtb2-bdh-academy-manifests/master/bdh-academy-super-manifest.xml'
Starting to parse super manifest with URL 'https://raw.githubusercontent.com/Advance-Innovation-Centre-AIC/mtb2-bdh-academy-manifests/master/bdh-academy-super-manifest.xml'
Finished parsing super manifest with URL 'https://raw.githubusercontent.com/Advance-Innovation-Centre-AIC/mtb2-bdh-academy-manifests/master/bdh-academy-super-manifest.xml'
Downloading manifest file 'https://raw.githubusercontent.com/Advance-Innovation-Centre-AIC/mtb2-bdh-academy-manifests/master/bdh-academy-app-manifest.xml'
Finished download of file 'https://modustoolbox.infineon.com/manifests/mtb-super-manifest/v2.X/mtb-super-manifest-fv2.xml'
Starting to parse super manifest with URL 'https://modustoolbox.infineon.com/manifests/mtb-super-manifest/v2.X/mtb-super-manifest-fv2.xml'
Finished parsing super manifest with URL 'https://modustoolbox.infineon.com/manifests/mtb-super-manifest/v2.X/mtb-super-manifest-fv2.xml'
Downloading manifest file 'https://github.com/Infineon/mtb-ce-manifest/raw/v2.X/mtb-ce-manifest.xml'
Downloading manifest file 'https://github.com/Infineon/mtb-ce-manifest/raw/v2.X/mtb-ce-manifest-fv2.xml'
Downloading manifest file 'https://github.com/Infineon/mtb-bt-app-manifest/raw/v2.X/mtb-bt-app-manifest.xml'
Downloading manifest file 'https://github.com/Infineon/mtb-bt-app-manifest/raw/v2.X/mtb-bt-app-manifest-fv2.xml'
Downloading manifest file 'https://github.com/Infineon/cce-app-manifest/raw/v2.X/cce-app-manifest-fv2.xml'
Downloading manifest file 'https://github.com/Altia-Marketing/altia-ce-manifest/raw/main/altia-ce-manifest-fv2.xml'
Downloading manifest file 'https://github.com/CyberonEBU/cyberon-mtb-ce-manifest/raw/main/cyberon-mtb-ce-manifest-fv2.xml'
Downloading manifest file 'https://github.com/edgeimpulse/edgeimpulse-ce-manifest/raw/main/edgeimpulse-ce-manifest-fv2.xml'
Downloading manifest file 'https://github.com/golioth/mtb-golioth-ce-manifest/raw/main/mtb-golioth-ce-manifest-fv2.xml'
Downloading manifest file 'https://github.com/memfault/mtb-memfault-ce-manifest/raw/main/mtb-memfault-ce-manifest-fv2.xml'
Downloading manifest file 'https://github.com/Infineon/mtb-bsp-manifest/raw/v2.X/mtb-bsp-manifest.xml'
Downloading manifest file 'https://github.com/Infineon/mtb-bsp-manifest/raw/v2.X/mtb-bsp-manifest-fv2.xml'
Downloading manifest file 'https://github.com/Infineon/mtb-bsp-manifest/raw/v2.X/mtb-bsp-dependencies-manifest.xml'
Downloading manifest file 'https://github.com/Infineon/mtb-bt-bsp-manifest/raw/v2.X/mtb-bt-bsp-manifest.xml'
Downloading manifest file 'https://github.com/Infineon/mtb-bt-bsp-manifest/raw/v2.X/mtb-bt-bsp-manifest-fv2.xml'
Downloading manifest file 'https://github.com/Infineon/mtb-bt-bsp-manifest/raw/v2.X/mtb-bt-bsp-dependencies-manifest.xml'
Downloading manifest file 'https://github.com/Infineon/mtb-mw-manifest/raw/v2.X/mtb-mw-manifest.xml'
Downloading manifest file 'https://github.com/Infineon/mtb-mw-manifest/raw/v2.X/mtb-mw-manifest-fv2.xml'
Downloading manifest file 'https://github.com/Infineon/mtb-mw-manifest/raw/v2.X/mtb-mw-dependencies-manifest.xml'
Downloading manifest file 'https://github.com/Infineon/mtb-bt-mw-manifest/raw/v2.X/mtb-bt-mw-manifest.xml'
Downloading manifest file 'https://github.com/Infineon/mtb-bt-mw-manifest/raw/v2.X/mtb-bt-mw-manifest-fv2.xml'
Downloading manifest file 'https://github.com/Infineon/mtb-bt-mw-manifest/raw/v2.X/mtb-bt-mw-dependencies-manifest.xml'
Downloading manifest file 'https://github.com/Infineon/mtb-wifi-mw-manifest/raw/v2.X/mtb-wifi-mw-manifest.xml'
Downloading manifest file 'https://github.com/Infineon/mtb-wifi-mw-manifest/raw/v2.X/mtb-wifi-mw-manifest-fv2.xml'
Downloading manifest file 'https://github.com/Infineon/mtb-wifi-mw-manifest/raw/v2.X/mtb-wifi-mw-dependencies-manifest.xml'
Downloading manifest file 'https://github.com/CyberonEBU/cyberon-mtb-mw-manifest/raw/main/cyberon-mtb-mw-manifest-fv2.xml'
Downloading manifest file 'https://github.com/golioth/mtb-golioth-mw-manifest/raw/main/mtb-golioth-mw-manifest-fv2.xml'
Downloading manifest file 'https://github.com/memfault/mtb-memfault-mw-manifest/raw/main/mtb-memfault-mw-manifest-fv2.xml'
Finished download of file 'https://raw.githubusercontent.com/Advance-Innovation-Centre-AIC/mtb2-bdh-academy-manifests/master/bdh-academy-app-manifest.xml'
Finished download of file 'https://github.com/Infineon/mtb-ce-manifest/raw/v2.X/mtb-ce-manifest.xml'
Finished download of file 'https://github.com/Infineon/mtb-ce-manifest/raw/v2.X/mtb-ce-manifest-fv2.xml'
Finished download of file 'https://github.com/Infineon/mtb-bt-app-manifest/raw/v2.X/mtb-bt-app-manifest.xml'
Finished download of file 'https://github.com/Infineon/mtb-bt-app-manifest/raw/v2.X/mtb-bt-app-manifest-fv2.xml'
Finished download of file 'https://github.com/Infineon/cce-app-manifest/raw/v2.X/cce-app-manifest-fv2.xml'
Finished download of file 'https://github.com/Altia-Marketing/altia-ce-manifest/raw/main/altia-ce-manifest-fv2.xml'
Finished download of file 'https://github.com/CyberonEBU/cyberon-mtb-ce-manifest/raw/main/cyberon-mtb-ce-manifest-fv2.xml'
Finished download of file 'https://github.com/edgeimpulse/edgeimpulse-ce-manifest/raw/main/edgeimpulse-ce-manifest-fv2.xml'
Finished download of file 'https://github.com/golioth/mtb-golioth-ce-manifest/raw/main/mtb-golioth-ce-manifest-fv2.xml'
Finished download of file 'https://github.com/memfault/mtb-memfault-ce-manifest/raw/main/mtb-memfault-ce-manifest-fv2.xml'
Finished download of file 'https://github.com/Infineon/mtb-bsp-manifest/raw/v2.X/mtb-bsp-manifest.xml'
Finished download of file 'https://github.com/Infineon/mtb-bsp-manifest/raw/v2.X/mtb-bsp-manifest-fv2.xml'
Finished download of file 'https://github.com/Infineon/mtb-bsp-manifest/raw/v2.X/mtb-bsp-dependencies-manifest.xml'
Finished download of file 'https://github.com/Infineon/mtb-bt-bsp-manifest/raw/v2.X/mtb-bt-bsp-manifest.xml'
Finished download of file 'https://github.com/Infineon/mtb-bt-bsp-manifest/raw/v2.X/mtb-bt-bsp-manifest-fv2.xml'
Finished download of file 'https://github.com/Infineon/mtb-bt-bsp-manifest/raw/v2.X/mtb-bt-bsp-dependencies-manifest.xml'
Finished download of file 'https://github.com/Infineon/mtb-mw-manifest/raw/v2.X/mtb-mw-manifest.xml'
Finished download of file 'https://github.com/Infineon/mtb-mw-manifest/raw/v2.X/mtb-mw-manifest-fv2.xml'
Finished download of file 'https://github.com/Infineon/mtb-mw-manifest/raw/v2.X/mtb-mw-dependencies-manifest.xml'
Finished download of file 'https://github.com/Infineon/mtb-bt-mw-manifest/raw/v2.X/mtb-bt-mw-manifest.xml'
Finished download of file 'https://github.com/Infineon/mtb-bt-mw-manifest/raw/v2.X/mtb-bt-mw-manifest-fv2.xml'
Finished download of file 'https://github.com/Infineon/mtb-bt-mw-manifest/raw/v2.X/mtb-bt-mw-dependencies-manifest.xml'
Finished download of file 'https://github.com/Infineon/mtb-wifi-mw-manifest/raw/v2.X/mtb-wifi-mw-manifest.xml'
Finished download of file 'https://github.com/Infineon/mtb-wifi-mw-manifest/raw/v2.X/mtb-wifi-mw-manifest-fv2.xml'
Finished download of file 'https://github.com/Infineon/mtb-wifi-mw-manifest/raw/v2.X/mtb-wifi-mw-dependencies-manifest.xml'
Finished download of file 'https://github.com/CyberonEBU/cyberon-mtb-mw-manifest/raw/main/cyberon-mtb-mw-manifest-fv2.xml'
Finished download of file 'https://github.com/golioth/mtb-golioth-mw-manifest/raw/main/mtb-golioth-mw-manifest-fv2.xml'
Finished download of file 'https://github.com/memfault/mtb-memfault-mw-manifest/raw/main/mtb-memfault-mw-manifest-fv2.xml'
Finished loading the manifest data (3897 ms)
Loading the device db
Finished loading the device db (501 ms)
Starting to refresh dependencies for project 'proj_cm0p'.
Requested to remove the asset 'cat1cm0p'.
Requested to remove the asset 'cmsis'.
Requested to remove the asset 'core-lib'.
Requested to remove the asset 'core-make'.
Requested to remove the asset 'mtb-hal-cat1'.
Requested to remove the asset 'mtb-pdl-cat1'.
Requested to remove the asset 'recipe-make-cat1a'.
Requested to add the asset 'mtb-hal-cat1'.
Requested to add the asset 'core-lib'.
Requested to add the asset 'mtb-pdl-cat1'.
Requested to add the asset 'cat1cm0p'.
Requested to add the asset 'core-make'.
Requested to add the asset 'recipe-make-cat1a'.
Requested to add the asset 'cmsis'.
Found direct dependencies 'sensor-xensiv-dps3xx'.
Found new indirect dependencies 'mtb-hal-cat1, core-lib, mtb-pdl-cat1, cat1cm0p, core-make, recipe-make-cat1a, cmsis'.
Refreshed all dependencies for project 'proj_cm0p'.
Starting to refresh dependencies for project 'proj_cm4'.
Requested to remove the asset 'cat1cm0p'.
Requested to remove the asset 'cmsis'.
Requested to remove the asset 'core-lib'.
Requested to remove the asset 'core-make'.
Requested to remove the asset 'mtb-hal-cat1'.
Requested to remove the asset 'mtb-pdl-cat1'.
Requested to remove the asset 'recipe-make-cat1a'.
Requested to add the asset 'mtb-hal-cat1'.
Requested to add the asset 'core-lib'.
Requested to add the asset 'mtb-pdl-cat1'.
Requested to add the asset 'cat1cm0p'.
Requested to add the asset 'core-make'.
Requested to add the asset 'recipe-make-cat1a'.
Requested to add the asset 'cmsis'.
Found direct dependencies 'retarget-io, sensor-xensiv-dps3xx'.
Found new indirect dependencies 'mtb-hal-cat1, core-lib, mtb-pdl-cat1, cat1cm0p, core-make, recipe-make-cat1a, cmsis'.
Refreshed all dependencies for project 'proj_cm4'.
0 error(s), 0 warning(s)
Successfully acquired the information.Updating project "proj_cm0p" ...
Starting to commit changes to the filesystem and project 'proj_cm0p'.
Requested asset 'sensor-xensiv-dps3xx'.
Requested asset 'cat1cm0p'.
Requested asset 'cmsis'.
Requested asset 'core-lib'.
Requested asset 'core-make'.
Requested asset 'mtb-hal-cat1'.
Requested asset 'mtb-pdl-cat1'.
Requested asset 'recipe-make-cat1a'.
Starting to fetch assets for the project directory '/home/ohm/titan/study/AIC_project/Dual-CPU_Sema_Pressure_Sensor/proj_cm0p'.
Starting: git -C /home/ohm/titan/study/AIC_project/mtb_shared/sensor-xensiv-dps3xx/release-v1.0.0 config remote.origin.fetch 'refs/heads/*:refs/heads/*'
Starting: git -C /home/ohm/titan/study/AIC_project/mtb_shared/cat1cm0p/release-v1.0.0 config remote.origin.fetch 'refs/heads/*:refs/heads/*'
Starting: git -C /home/ohm/titan/study/AIC_project/mtb_shared/cmsis/release-v5.8.0 config remote.origin.fetch 'refs/heads/*:refs/heads/*'
Starting: git -C /home/ohm/titan/study/AIC_project/mtb_shared/core-lib/release-v1.3.1 config remote.origin.fetch 'refs/heads/*:refs/heads/*'
Starting: git -C /home/ohm/titan/study/AIC_project/mtb_shared/core-make/release-v3.0.3 config remote.origin.fetch 'refs/heads/*:refs/heads/*'
Starting: git -C /home/ohm/titan/study/AIC_project/mtb_shared/mtb-hal-cat1/release-v2.3.0 config remote.origin.fetch 'refs/heads/*:refs/heads/*'
Starting: git -C /home/ohm/titan/study/AIC_project/mtb_shared/mtb-pdl-cat1/release-v3.3.0 config remote.origin.fetch 'refs/heads/*:refs/heads/*'
Success: git -C /home/ohm/titan/study/AIC_project/mtb_shared/sensor-xensiv-dps3xx/release-v1.0.0 config remote.origin.fetch 'refs/heads/*:refs/heads/*'
Success: git -C /home/ohm/titan/study/AIC_project/mtb_shared/cat1cm0p/release-v1.0.0 config remote.origin.fetch 'refs/heads/*:refs/heads/*'
Success: git -C /home/ohm/titan/study/AIC_project/mtb_shared/core-lib/release-v1.3.1 config remote.origin.fetch 'refs/heads/*:refs/heads/*'
Success: git -C /home/ohm/titan/study/AIC_project/mtb_shared/core-make/release-v3.0.3 config remote.origin.fetch 'refs/heads/*:refs/heads/*'
Starting: git -C /home/ohm/titan/study/AIC_project/mtb_shared/recipe-make-cat1a/release-v2.0.0 config remote.origin.fetch 'refs/heads/*:refs/heads/*'
Starting: git -C /home/ohm/titan/study/AIC_project/mtb_shared/sensor-xensiv-dps3xx/release-v1.0.0 fetch cypress --tags --force --quiet
Starting: git -C /home/ohm/titan/study/AIC_project/mtb_shared/cat1cm0p/release-v1.0.0 fetch cypress --tags --force --quiet
Starting: git -C /home/ohm/titan/study/AIC_project/mtb_shared/core-lib/release-v1.3.1 fetch cypress --tags --force --quiet
Success: git -C /home/ohm/titan/study/AIC_project/mtb_shared/cmsis/release-v5.8.0 config remote.origin.fetch 'refs/heads/*:refs/heads/*'
Success: git -C /home/ohm/titan/study/AIC_project/mtb_shared/mtb-hal-cat1/release-v2.3.0 config remote.origin.fetch 'refs/heads/*:refs/heads/*'
Starting: git -C /home/ohm/titan/study/AIC_project/mtb_shared/core-make/release-v3.0.3 fetch cypress --tags --force --quiet
Starting: git -C /home/ohm/titan/study/AIC_project/mtb_shared/cmsis/release-v5.8.0 fetch cypress --tags --force --quiet
Success: git -C /home/ohm/titan/study/AIC_project/mtb_shared/mtb-pdl-cat1/release-v3.3.0 config remote.origin.fetch 'refs/heads/*:refs/heads/*'
Success: git -C /home/ohm/titan/study/AIC_project/mtb_shared/recipe-make-cat1a/release-v2.0.0 config remote.origin.fetch 'refs/heads/*:refs/heads/*'
Starting: git -C /home/ohm/titan/study/AIC_project/mtb_shared/mtb-hal-cat1/release-v2.3.0 fetch cypress --tags --force --quiet
Starting: git -C /home/ohm/titan/study/AIC_project/mtb_shared/mtb-pdl-cat1/release-v3.3.0 fetch cypress --tags --force --quiet
Success: git -C /home/ohm/titan/study/AIC_project/mtb_shared/sensor-xensiv-dps3xx/release-v1.0.0 fetch cypress --tags --force --quiet
Starting: git -C /home/ohm/titan/study/AIC_project/mtb_shared/recipe-make-cat1a/release-v2.0.0 fetch cypress --tags --force --quiet
Success: git -C /home/ohm/titan/study/AIC_project/mtb_shared/core-lib/release-v1.3.1 fetch cypress --tags --force --quiet
Starting: git -C /home/ohm/titan/study/AIC_project/mtb_shared/sensor-xensiv-dps3xx/release-v1.0.0 checkout release-v1.0.0
Success: git -C /home/ohm/titan/study/AIC_project/mtb_shared/cat1cm0p/release-v1.0.0 fetch cypress --tags --force --quiet
Starting: git -C /home/ohm/titan/study/AIC_project/mtb_shared/core-lib/release-v1.3.1 checkout release-v1.3.1
HEAD is now at bdf5a3c Upload sensor-xensiv-dps3xx 1.0.0.23328
Success: git -C /home/ohm/titan/study/AIC_project/mtb_shared/sensor-xensiv-dps3xx/release-v1.0.0 checkout release-v1.0.0
Finished processing sensor-xensiv-dps3xx
Starting: git -C /home/ohm/titan/study/AIC_project/mtb_shared/cat1cm0p/release-v1.0.0 checkout release-v1.0.0
HEAD is now at 1c1cb8a Upload core-lib 1.3.1.29660
Success: git -C /home/ohm/titan/study/AIC_project/mtb_shared/core-lib/release-v1.3.1 checkout release-v1.3.1
Finished processing core-lib
HEAD is now at b3d4b82 Upload cat1cm0p 1.0.0.148
Success: git -C /home/ohm/titan/study/AIC_project/mtb_shared/cat1cm0p/release-v1.0.0 checkout release-v1.0.0
Finished processing cat1cm0p
Success: git -C /home/ohm/titan/study/AIC_project/mtb_shared/mtb-pdl-cat1/release-v3.3.0 fetch cypress --tags --force --quiet
Starting: git -C /home/ohm/titan/study/AIC_project/mtb_shared/mtb-pdl-cat1/release-v3.3.0 checkout release-v3.3.0
Success: git -C /home/ohm/titan/study/AIC_project/mtb_shared/cmsis/release-v5.8.0 fetch cypress --tags --force --quiet
Success: git -C /home/ohm/titan/study/AIC_project/mtb_shared/mtb-hal-cat1/release-v2.3.0 fetch cypress --tags --force --quiet
Starting: git -C /home/ohm/titan/study/AIC_project/mtb_shared/cmsis/release-v5.8.0 checkout release-v5.8.0
Starting: git -C /home/ohm/titan/study/AIC_project/mtb_shared/mtb-hal-cat1/release-v2.3.0 checkout release-v2.3.0
Success: git -C /home/ohm/titan/study/AIC_project/mtb_shared/core-make/release-v3.0.3 fetch cypress --tags --force --quiet
Starting: git -C /home/ohm/titan/study/AIC_project/mtb_shared/core-make/release-v3.0.3 checkout release-v3.0.3
HEAD is now at 92f4669 Upload mtb-pdl-cat1 3.3.0.21979 [982]
Success: git -C /home/ohm/titan/study/AIC_project/mtb_shared/mtb-pdl-cat1/release-v3.3.0 checkout release-v3.3.0
Finished processing mtb-pdl-cat1
HEAD is now at ce02f64 Upload cmsis 5.8.0.50
Success: git -C /home/ohm/titan/study/AIC_project/mtb_shared/cmsis/release-v5.8.0 checkout release-v5.8.0
Finished processing cmsis
HEAD is now at b62baf5 Upload mtb-hal-cat1 [990]
Success: git -C /home/ohm/titan/study/AIC_project/mtb_shared/mtb-hal-cat1/release-v2.3.0 checkout release-v2.3.0
Finished processing mtb-hal-cat1
HEAD is now at 9137ac7 Upload core-make 3.0.3.4386 [782]
Success: git -C /home/ohm/titan/study/AIC_project/mtb_shared/core-make/release-v3.0.3 checkout release-v3.0.3
Finished processing core-make
Success: git -C /home/ohm/titan/study/AIC_project/mtb_shared/recipe-make-cat1a/release-v2.0.0 fetch cypress --tags --force --quiet
Starting: git -C /home/ohm/titan/study/AIC_project/mtb_shared/recipe-make-cat1a/release-v2.0.0 checkout release-v2.0.0
HEAD is now at 28d875a Upload recipe-make-cat1a 2.0.0.4056
Success: git -C /home/ohm/titan/study/AIC_project/mtb_shared/recipe-make-cat1a/release-v2.0.0 checkout release-v2.0.0
Finished processing recipe-make-cat1a
Fetched all assets for the project directory '/home/ohm/titan/study/AIC_project/Dual-CPU_Sema_Pressure_Sensor/proj_cm0p'.
Writing the file '/home/ohm/titan/study/AIC_project/Dual-CPU_Sema_Pressure_Sensor/proj_cm0p/libs/app.mk'.
Successfully committed changes to the project 'proj_cm0p'.
0 error(s), 0 warning(s)
Successfully updated project "proj_cm0p"
Updating project "proj_cm4" ...
Starting to commit changes to the filesystem and project 'proj_cm4'.
Requested asset 'retarget-io'.
Requested asset 'sensor-xensiv-dps3xx'.
Requested asset 'cat1cm0p'.
Requested asset 'cmsis'.
Requested asset 'core-lib'.
Requested asset 'core-make'.
Requested asset 'mtb-hal-cat1'.
Requested asset 'mtb-pdl-cat1'.
Requested asset 'recipe-make-cat1a'.
Starting to fetch assets for the project directory '/home/ohm/titan/study/AIC_project/Dual-CPU_Sema_Pressure_Sensor/proj_cm4'.
Starting: git -C /home/ohm/titan/study/AIC_project/mtb_shared/retarget-io/release-v1.4.0 config remote.origin.fetch 'refs/heads/*:refs/heads/*'
Starting: git -C /home/ohm/titan/study/AIC_project/mtb_shared/sensor-xensiv-dps3xx/release-v1.0.0 config remote.origin.fetch 'refs/heads/*:refs/heads/*'
Starting: git -C /home/ohm/titan/study/AIC_project/mtb_shared/cat1cm0p/release-v1.0.0 config remote.origin.fetch 'refs/heads/*:refs/heads/*'
Starting: git -C /home/ohm/titan/study/AIC_project/mtb_shared/cmsis/release-v5.8.0 config remote.origin.fetch 'refs/heads/*:refs/heads/*'
Starting: git -C /home/ohm/titan/study/AIC_project/mtb_shared/core-lib/release-v1.3.1 config remote.origin.fetch 'refs/heads/*:refs/heads/*'
Starting: git -C /home/ohm/titan/study/AIC_project/mtb_shared/core-make/release-v3.0.3 config remote.origin.fetch 'refs/heads/*:refs/heads/*'
Starting: git -C /home/ohm/titan/study/AIC_project/mtb_shared/mtb-hal-cat1/release-v2.3.0 config remote.origin.fetch 'refs/heads/*:refs/heads/*'
Success: git -C /home/ohm/titan/study/AIC_project/mtb_shared/retarget-io/release-v1.4.0 config remote.origin.fetch 'refs/heads/*:refs/heads/*'
Success: git -C /home/ohm/titan/study/AIC_project/mtb_shared/sensor-xensiv-dps3xx/release-v1.0.0 config remote.origin.fetch 'refs/heads/*:refs/heads/*'
Success: git -C /home/ohm/titan/study/AIC_project/mtb_shared/cmsis/release-v5.8.0 config remote.origin.fetch 'refs/heads/*:refs/heads/*'
Success: git -C /home/ohm/titan/study/AIC_project/mtb_shared/core-lib/release-v1.3.1 config remote.origin.fetch 'refs/heads/*:refs/heads/*'
Starting: git -C /home/ohm/titan/study/AIC_project/mtb_shared/mtb-pdl-cat1/release-v3.3.0 config remote.origin.fetch 'refs/heads/*:refs/heads/*'
Starting: git -C /home/ohm/titan/study/AIC_project/mtb_shared/recipe-make-cat1a/release-v2.0.0 config remote.origin.fetch 'refs/heads/*:refs/heads/*'
Starting: git -C /home/ohm/titan/study/AIC_project/mtb_shared/retarget-io/release-v1.4.0 fetch cypress --tags --force --quiet
Starting: git -C /home/ohm/titan/study/AIC_project/mtb_shared/sensor-xensiv-dps3xx/release-v1.0.0 fetch cypress --tags --force --quiet
Success: git -C /home/ohm/titan/study/AIC_project/mtb_shared/cat1cm0p/release-v1.0.0 config remote.origin.fetch 'refs/heads/*:refs/heads/*'
Success: git -C /home/ohm/titan/study/AIC_project/mtb_shared/core-make/release-v3.0.3 config remote.origin.fetch 'refs/heads/*:refs/heads/*'
Starting: git -C /home/ohm/titan/study/AIC_project/mtb_shared/cmsis/release-v5.8.0 fetch cypress --tags --force --quiet
Starting: git -C /home/ohm/titan/study/AIC_project/mtb_shared/core-lib/release-v1.3.1 fetch cypress --tags --force --quiet
Success: git -C /home/ohm/titan/study/AIC_project/mtb_shared/mtb-hal-cat1/release-v2.3.0 config remote.origin.fetch 'refs/heads/*:refs/heads/*'
Success: git -C /home/ohm/titan/study/AIC_project/mtb_shared/mtb-pdl-cat1/release-v3.3.0 config remote.origin.fetch 'refs/heads/*:refs/heads/*'
Starting: git -C /home/ohm/titan/study/AIC_project/mtb_shared/cat1cm0p/release-v1.0.0 fetch cypress --tags --force --quiet
Starting: git -C /home/ohm/titan/study/AIC_project/mtb_shared/core-make/release-v3.0.3 fetch cypress --tags --force --quiet
Success: git -C /home/ohm/titan/study/AIC_project/mtb_shared/recipe-make-cat1a/release-v2.0.0 config remote.origin.fetch 'refs/heads/*:refs/heads/*'
Starting: git -C /home/ohm/titan/study/AIC_project/mtb_shared/mtb-hal-cat1/release-v2.3.0 fetch cypress --tags --force --quiet
Success: git -C /home/ohm/titan/study/AIC_project/mtb_shared/sensor-xensiv-dps3xx/release-v1.0.0 fetch cypress --tags --force --quiet
Starting: git -C /home/ohm/titan/study/AIC_project/mtb_shared/mtb-pdl-cat1/release-v3.3.0 fetch cypress --tags --force --quiet
Success: git -C /home/ohm/titan/study/AIC_project/mtb_shared/core-lib/release-v1.3.1 fetch cypress --tags --force --quiet
Starting: git -C /home/ohm/titan/study/AIC_project/mtb_shared/recipe-make-cat1a/release-v2.0.0 fetch cypress --tags --force --quiet
Success: git -C /home/ohm/titan/study/AIC_project/mtb_shared/core-make/release-v3.0.3 fetch cypress --tags --force --quiet
Success: git -C /home/ohm/titan/study/AIC_project/mtb_shared/mtb-hal-cat1/release-v2.3.0 fetch cypress --tags --force --quiet
Starting: git -C /home/ohm/titan/study/AIC_project/mtb_shared/sensor-xensiv-dps3xx/release-v1.0.0 checkout release-v1.0.0
Starting: git -C /home/ohm/titan/study/AIC_project/mtb_shared/core-lib/release-v1.3.1 checkout release-v1.3.1
Success: git -C /home/ohm/titan/study/AIC_project/mtb_shared/cmsis/release-v5.8.0 fetch cypress --tags --force --quiet
Success: git -C /home/ohm/titan/study/AIC_project/mtb_shared/cat1cm0p/release-v1.0.0 fetch cypress --tags --force --quiet
Starting: git -C /home/ohm/titan/study/AIC_project/mtb_shared/core-make/release-v3.0.3 checkout release-v3.0.3
Starting: git -C /home/ohm/titan/study/AIC_project/mtb_shared/mtb-hal-cat1/release-v2.3.0 checkout release-v2.3.0
Success: git -C /home/ohm/titan/study/AIC_project/mtb_shared/retarget-io/release-v1.4.0 fetch cypress --tags --force --quiet
HEAD is now at bdf5a3c Upload sensor-xensiv-dps3xx 1.0.0.23328
Success: git -C /home/ohm/titan/study/AIC_project/mtb_shared/sensor-xensiv-dps3xx/release-v1.0.0 checkout release-v1.0.0
Finished processing sensor-xensiv-dps3xx
Starting: git -C /home/ohm/titan/study/AIC_project/mtb_shared/cmsis/release-v5.8.0 checkout release-v5.8.0
Starting: git -C /home/ohm/titan/study/AIC_project/mtb_shared/cat1cm0p/release-v1.0.0 checkout release-v1.0.0
HEAD is now at 1c1cb8a Upload core-lib 1.3.1.29660
Success: git -C /home/ohm/titan/study/AIC_project/mtb_shared/core-lib/release-v1.3.1 checkout release-v1.3.1
Finished processing core-lib
HEAD is now at 9137ac7 Upload core-make 3.0.3.4386 [782]
Success: git -C /home/ohm/titan/study/AIC_project/mtb_shared/core-make/release-v3.0.3 checkout release-v3.0.3
Finished processing core-make
Starting: git -C /home/ohm/titan/study/AIC_project/mtb_shared/retarget-io/release-v1.4.0 checkout release-v1.4.0
HEAD is now at b62baf5 Upload mtb-hal-cat1 [990]
Success: git -C /home/ohm/titan/study/AIC_project/mtb_shared/mtb-hal-cat1/release-v2.3.0 checkout release-v2.3.0
Finished processing mtb-hal-cat1
HEAD is now at ce02f64 Upload cmsis 5.8.0.50
Success: git -C /home/ohm/titan/study/AIC_project/mtb_shared/cmsis/release-v5.8.0 checkout release-v5.8.0
Finished processing cmsis
HEAD is now at b3d4b82 Upload cat1cm0p 1.0.0.148
Success: git -C /home/ohm/titan/study/AIC_project/mtb_shared/cat1cm0p/release-v1.0.0 checkout release-v1.0.0
Finished processing cat1cm0p
HEAD is now at 3072757 Upload retarget-io [123]
Success: git -C /home/ohm/titan/study/AIC_project/mtb_shared/retarget-io/release-v1.4.0 checkout release-v1.4.0
Finished processing retarget-io
Success: git -C /home/ohm/titan/study/AIC_project/mtb_shared/mtb-pdl-cat1/release-v3.3.0 fetch cypress --tags --force --quiet
Starting: git -C /home/ohm/titan/study/AIC_project/mtb_shared/mtb-pdl-cat1/release-v3.3.0 checkout release-v3.3.0
Success: git -C /home/ohm/titan/study/AIC_project/mtb_shared/recipe-make-cat1a/release-v2.0.0 fetch cypress --tags --force --quiet
Starting: git -C /home/ohm/titan/study/AIC_project/mtb_shared/recipe-make-cat1a/release-v2.0.0 checkout release-v2.0.0
HEAD is now at 92f4669 Upload mtb-pdl-cat1 3.3.0.21979 [982]
Success: git -C /home/ohm/titan/study/AIC_project/mtb_shared/mtb-pdl-cat1/release-v3.3.0 checkout release-v3.3.0
Finished processing mtb-pdl-cat1
HEAD is now at 28d875a Upload recipe-make-cat1a 2.0.0.4056
Success: git -C /home/ohm/titan/study/AIC_project/mtb_shared/recipe-make-cat1a/release-v2.0.0 checkout release-v2.0.0
Finished processing recipe-make-cat1a
Fetched all assets for the project directory '/home/ohm/titan/study/AIC_project/Dual-CPU_Sema_Pressure_Sensor/proj_cm4'.
Writing the file '/home/ohm/titan/study/AIC_project/Dual-CPU_Sema_Pressure_Sensor/proj_cm4/libs/app.mk'.
Successfully committed changes to the project 'proj_cm4'.
0 error(s), 0 warning(s)
Successfully updated project "proj_cm4"
Total: 0 error(s), 0 warning(s)
Successfully updated application "/home/ohm/titan/study/AIC_project/Dual-CPU_Sema_Pressure_Sensor"
Updating Launch Configurations ...
Calling "make eclipse" ...
make -C proj_cm0p eclipse MTB_APPLICATION_SUBPROJECTS="proj_cm0p proj_cm4" MTB_APPLICATION_NAME="Dual-CPU_Sema_Pressure_Sensor" && make -C proj_cm4 eclipse MTB_APPLICATION_SUBPROJECTS="proj_cm0p proj_cm4" MTB_APPLICATION_NAME="Dual-CPU_Sema_Pressure_Sensor" && true
make[1]: Entering directory '/home/ohm/titan/study/AIC_project/Dual-CPU_Sema_Pressure_Sensor/proj_cm0p'
Searching installed tools in progress...
Searching installed tools complete
Prebuild operations complete
Auto-discovery in progress...
Auto-discovery complete
Commencing build operations...
Initializing build: proj_cm0p Debug APP_CY8CKIT-062S2-43012 GCC_ARM
Constructing build rules...
Build rules construction complete
==============================================================================
= Generating IDE files =
==============================================================================
Generated /home/ohm/titan/study/AIC_project/Dual-CPU_Sema_Pressure_Sensor/proj_cm0p/.mtbLaunchConfigs/Dual-CPU_Sema_Pressure_Sensor.proj_cm0p Attach (JLink).launch
Generated /home/ohm/titan/study/AIC_project/Dual-CPU_Sema_Pressure_Sensor/proj_cm0p/.mtbLaunchConfigs/Dual-CPU_Sema_Pressure_Sensor.proj_cm0p Attach (KitProg3_MiniProg4).launch
Generated /home/ohm/titan/study/AIC_project/Dual-CPU_Sema_Pressure_Sensor/proj_cm0p/.mtbLaunchConfigs/Dual-CPU_Sema_Pressure_Sensor.proj_cm0p Debug (JLink).launch
Generated /home/ohm/titan/study/AIC_project/Dual-CPU_Sema_Pressure_Sensor/proj_cm0p/.mtbLaunchConfigs/Dual-CPU_Sema_Pressure_Sensor.proj_cm0p Debug (KitProg3_MiniProg4).launch
Generated /home/ohm/titan/study/AIC_project/Dual-CPU_Sema_Pressure_Sensor/.mtbLaunchConfigs/Dual-CPU_Sema_Pressure_Sensor Debug MultiCore (JLink).launch
Generated /home/ohm/titan/study/AIC_project/Dual-CPU_Sema_Pressure_Sensor/.mtbLaunchConfigs/Dual-CPU_Sema_Pressure_Sensor Debug MultiCore (KitProg3_MiniProg4).launch
Generated /home/ohm/titan/study/AIC_project/Dual-CPU_Sema_Pressure_Sensor/.mtbLaunchConfigs/Dual-CPU_Sema_Pressure_Sensor Erase Application (JLink).launch
Generated /home/ohm/titan/study/AIC_project/Dual-CPU_Sema_Pressure_Sensor/.mtbLaunchConfigs/Dual-CPU_Sema_Pressure_Sensor Erase Application (KitProg3_MiniProg4).launch
Generated /home/ohm/titan/study/AIC_project/Dual-CPU_Sema_Pressure_Sensor/.mtbLaunchConfigs/Dual-CPU_Sema_Pressure_Sensor Program Application (JLink).launch
Generated /home/ohm/titan/study/AIC_project/Dual-CPU_Sema_Pressure_Sensor/.mtbLaunchConfigs/Dual-CPU_Sema_Pressure_Sensor Program Application (KitProg3_MiniProg4).launch
INFO: The /home/ohm/titan/study/AIC_project/Dual-CPU_Sema_Pressure_Sensor/proj_cm0p/.project already exist and will not be regenerated
INFO: The /home/ohm/titan/study/AIC_project/Dual-CPU_Sema_Pressure_Sensor/proj_cm0p/.cproject already exist and will not be regenerated
INFO: The /home/ohm/titan/study/AIC_project/Dual-CPU_Sema_Pressure_Sensor/.project already exist and will not be regenerated
INFO: The /home/ohm/titan/study/AIC_project/Dual-CPU_Sema_Pressure_Sensor/.cproject already exist and will not be regenerated
Instructions:
1. Open Eclipse IDE for ModusToolbox
2. Select 'Import Existing Application In-Place' from the QuickPanel
3. Browse to the application root directory
  
make[1]: Leaving directory '/home/ohm/titan/study/AIC_project/Dual-CPU_Sema_Pressure_Sensor/proj_cm0p'
make[1]: Entering directory '/home/ohm/titan/study/AIC_project/Dual-CPU_Sema_Pressure_Sensor/proj_cm4'
Searching installed tools in progress...
Searching installed tools complete
Prebuild operations complete
Auto-discovery in progress...
Auto-discovery complete
Commencing build operations...
Initializing build: proj_cm4 Debug APP_CY8CKIT-062S2-43012 GCC_ARM
Constructing build rules...
Build rules construction complete
==============================================================================
= Generating IDE files =
==============================================================================
Generated /home/ohm/titan/study/AIC_project/Dual-CPU_Sema_Pressure_Sensor/proj_cm4/.mtbLaunchConfigs/Dual-CPU_Sema_Pressure_Sensor.proj_cm4 Add CM4 to CM0+ (KitProg3_MiniProg4).launch
Generated /home/ohm/titan/study/AIC_project/Dual-CPU_Sema_Pressure_Sensor/proj_cm4/.mtbLaunchConfigs/Dual-CPU_Sema_Pressure_Sensor.proj_cm4 Attach (JLink).launch
Generated /home/ohm/titan/study/AIC_project/Dual-CPU_Sema_Pressure_Sensor/proj_cm4/.mtbLaunchConfigs/Dual-CPU_Sema_Pressure_Sensor.proj_cm4 Attach (KitProg3_MiniProg4).launch
Generated /home/ohm/titan/study/AIC_project/Dual-CPU_Sema_Pressure_Sensor/proj_cm4/.mtbLaunchConfigs/Dual-CPU_Sema_Pressure_Sensor.proj_cm4 Debug (JLink).launch
Generated /home/ohm/titan/study/AIC_project/Dual-CPU_Sema_Pressure_Sensor/proj_cm4/.mtbLaunchConfigs/Dual-CPU_Sema_Pressure_Sensor.proj_cm4 Debug (KitProg3_MiniProg4).launch
Updated /home/ohm/titan/study/AIC_project/Dual-CPU_Sema_Pressure_Sensor/.mtbLaunchConfigs/Dual-CPU_Sema_Pressure_Sensor Debug MultiCore (JLink).launch
Updated /home/ohm/titan/study/AIC_project/Dual-CPU_Sema_Pressure_Sensor/.mtbLaunchConfigs/Dual-CPU_Sema_Pressure_Sensor Debug MultiCore (KitProg3_MiniProg4).launch
Updated /home/ohm/titan/study/AIC_project/Dual-CPU_Sema_Pressure_Sensor/.mtbLaunchConfigs/Dual-CPU_Sema_Pressure_Sensor Erase Application (JLink).launch
Updated /home/ohm/titan/study/AIC_project/Dual-CPU_Sema_Pressure_Sensor/.mtbLaunchConfigs/Dual-CPU_Sema_Pressure_Sensor Erase Application (KitProg3_MiniProg4).launch
Updated /home/ohm/titan/study/AIC_project/Dual-CPU_Sema_Pressure_Sensor/.mtbLaunchConfigs/Dual-CPU_Sema_Pressure_Sensor Program Application (JLink).launch
Updated /home/ohm/titan/study/AIC_project/Dual-CPU_Sema_Pressure_Sensor/.mtbLaunchConfigs/Dual-CPU_Sema_Pressure_Sensor Program Application (KitProg3_MiniProg4).launch
INFO: The /home/ohm/titan/study/AIC_project/Dual-CPU_Sema_Pressure_Sensor/proj_cm4/.project already exist and will not be regenerated
INFO: The /home/ohm/titan/study/AIC_project/Dual-CPU_Sema_Pressure_Sensor/proj_cm4/.cproject already exist and will not be regenerated
Instructions:
1. Open Eclipse IDE for ModusToolbox
2. Select 'Import Existing Application In-Place' from the QuickPanel
3. Browse to the application root directory
  
make[1]: Leaving directory '/home/ohm/titan/study/AIC_project/Dual-CPU_Sema_Pressure_Sensor/proj_cm4'
"make eclipse" succeeded

Starting to refresh dependencies for project 'proj_cm0p'.
Requested to remove the asset 'cat1cm0p'.
Requested to remove the asset 'cmsis'.
Requested to remove the asset 'core-lib'.
Requested to remove the asset 'core-make'.
Requested to remove the asset 'mtb-hal-cat1'.
Requested to remove the asset 'mtb-pdl-cat1'.
Requested to remove the asset 'recipe-make-cat1a'.
Requested to add the asset 'mtb-hal-cat1'.
Requested to add the asset 'core-lib'.
Requested to add the asset 'mtb-pdl-cat1'.
Requested to add the asset 'cat1cm0p'.
Requested to add the asset 'core-make'.
Requested to add the asset 'recipe-make-cat1a'.
Requested to add the asset 'cmsis'.
Found direct dependencies 'sensor-xensiv-dps3xx'.
Found new indirect dependencies 'mtb-hal-cat1, core-lib, mtb-pdl-cat1, cat1cm0p, core-make, recipe-make-cat1a, cmsis'.
Refreshed all dependencies for project 'proj_cm0p'.
Starting to refresh dependencies for project 'proj_cm4'.
Requested to remove the asset 'cat1cm0p'.
Requested to remove the asset 'cmsis'.
Requested to remove the asset 'core-lib'.
Requested to remove the asset 'core-make'.
Requested to remove the asset 'mtb-hal-cat1'.
Requested to remove the asset 'mtb-pdl-cat1'.
Requested to remove the asset 'recipe-make-cat1a'.
Requested to add the asset 'mtb-hal-cat1'.
Requested to add the asset 'core-lib'.
Requested to add the asset 'mtb-pdl-cat1'.
Requested to add the asset 'cat1cm0p'.
Requested to add the asset 'core-make'.
Requested to add the asset 'recipe-make-cat1a'.
Requested to add the asset 'cmsis'.
Found direct dependencies 'retarget-io, sensor-xensiv-dps3xx'.
Found new indirect dependencies 'mtb-hal-cat1, core-lib, mtb-pdl-cat1, cat1cm0p, core-make, recipe-make-cat1a, cmsis'.
Refreshed all dependencies for project 'proj_cm4'.
